<?xml version="1.0" encoding="UTF-8"?>
<testng-results ignored="0" total="1" passed="1" failed="0" skipped="0">
  <reporter-output>
  </reporter-output>
  <suite started-at="2020-01-09T15:57:33 PST" name="Default suite" finished-at="2020-01-09T15:57:40 PST" duration-ms="7258">
    <groups>
    </groups>
    <test started-at="2020-01-09T15:57:33 PST" name="Default test" finished-at="2020-01-09T15:57:40 PST" duration-ms="7258">
      <class name="com.amazontest.project.DragAndDrop">
        <test-method signature="DragDropFunctionality()[pri:0, instance:com.amazontest.project.DragAndDrop@525f1e4e]" started-at="2020-01-09T15:57:33 PST" name="DragDropFunctionality" finished-at="2020-01-09T15:57:40 PST" duration-ms="7232" status="PASS">
          <reporter-output>
          </reporter-output>
        </test-method> <!-- DragDropFunctionality -->
      </class> <!-- com.amazontest.project.DragAndDrop -->
    </test> <!-- Default test -->
  </suite> <!-- Default suite -->
</testng-results>
